0 info it worked if it ends with ok
1 verbose cli [ '/opt/rh/rh-nodejs6/root/usr/bin/node',
1 verbose cli   '/opt/rh/rh-nodejs6/root/usr/bin/npm',
1 verbose cli   'run',
1 verbose cli   'watch' ]
2 info using npm@3.10.9
3 info using node@v6.11.3
4 verbose run-script [ 'prewatch', 'watch', 'postwatch' ]
5 info lifecycle @~prewatch: @
6 silly lifecycle @~prewatch: no script for prewatch, continuing
7 info lifecycle @~watch: @
8 verbose lifecycle @~watch: unsafe-perm in lifecycle true
9 verbose lifecycle @~watch: PATH: /opt/rh/rh-nodejs6/root/usr/lib/node_modules/npm/bin/node-gyp-bin:/home/a0188141/domains/sakura-city.info/public_html/node_modules/.bin:/opt/rh/rh-nodejs6/root/usr/bin:/opt/rh/rh-nodejs8/root/usr/bin:/opt/rh/python27/root/usr/bin:/opt/rh/rh-python36/root/usr/bin:/usr/local/bin:/usr/bin:/bin:/usr/local/sbin:/usr/sbin:/home/a0188141/.local/bin:/home/a0188141/bin
10 verbose lifecycle @~watch: CWD: /home/a0188141/domains/sakura-city.info/public_html
11 silly lifecycle @~watch: Args: [ '-c',
11 silly lifecycle   'cross-env NODE_ENV=development node_modules/webpack/bin/webpack.js --watch --progress --hide-modules --config=node_modules/laravel-mix/setup/webpack.config.js' ]
12 info lifecycle @~watch: Failed to exec watch script
13 verbose stack Error: @ watch: `cross-env NODE_ENV=development node_modules/webpack/bin/webpack.js --watch --progress --hide-modules --config=node_modules/laravel-mix/setup/webpack.config.js`
13 verbose stack spawn ENOENT
13 verbose stack     at ChildProcess.<anonymous> (/opt/rh/rh-nodejs6/root/usr/lib/node_modules/npm/lib/utils/spawn.js:33:16)
13 verbose stack     at emitTwo (events.js:106:13)
13 verbose stack     at ChildProcess.emit (events.js:191:7)
13 verbose stack     at maybeClose (internal/child_process.js:920:16)
13 verbose stack     at Process.ChildProcess._handle.onexit (internal/child_process.js:230:5)
14 verbose pkgid @
15 verbose cwd /home/a0188141/domains/sakura-city.info/public_html
16 error Linux 3.10.0-862.14.4.el7.x86_64
17 error argv "/opt/rh/rh-nodejs6/root/usr/bin/node" "/opt/rh/rh-nodejs6/root/usr/bin/npm" "run" "watch"
18 error node v6.11.3
19 error npm  v3.10.9
20 error file sh
21 error code ELIFECYCLE
22 error errno ENOENT
23 error syscall spawn
24 error @ watch: `cross-env NODE_ENV=development node_modules/webpack/bin/webpack.js --watch --progress --hide-modules --config=node_modules/laravel-mix/setup/webpack.config.js`
24 error spawn ENOENT
25 error Failed at the @ watch script 'cross-env NODE_ENV=development node_modules/webpack/bin/webpack.js --watch --progress --hide-modules --config=node_modules/laravel-mix/setup/webpack.config.js'.
25 error Make sure you have the latest version of node.js and npm installed.
25 error If you do, this is most likely a problem with the  package,
25 error not with npm itself.
25 error Tell the author that this fails on your system:
25 error     cross-env NODE_ENV=development node_modules/webpack/bin/webpack.js --watch --progress --hide-modules --config=node_modules/laravel-mix/setup/webpack.config.js
25 error You can get information on how to open an issue for this project with:
25 error     npm bugs
25 error Or if that isn't available, you can get their info via:
25 error     npm owner ls
25 error There is likely additional logging output above.
26 verbose exit [ 1, true ]
